<?xml version="1.0" encoding="UTF-8"?>
<!-- Generated by org.testng.reporters.JUnitReportReporter -->
<testsuite hostname="Mools-MacBook-Pro.local" failures="0" tests="1" name="com.vetan.mool.TestCases.TC_EmployeeProfilePage_001" time="54.820" errors="0" timestamp="2022-09-30T11:27:59 IST" skipped="0">
  <testcase classname="com.vetan.mool.TestCases.TC_EmployeeProfilePage_001" name="EmployeeProfilePageTest" time="54.820"/>
  <system-out/>
</testsuite> <!-- com.vetan.mool.TestCases.TC_EmployeeProfilePage_001 -->
