<?xml version="1.0" encoding="UTF-8"?>
<!-- Generated by org.testng.reporters.JUnitReportReporter -->
<testsuite hostname="Ramakantas-MacBook-Pro.local" failures="0" tests="1" name="com.vetan.mool.TestCases.TC_PayRollProcess_001" time="58.526" errors="0" timestamp="2022-11-04T18:41:53 IST" skipped="0">
  <testcase classname="com.vetan.mool.TestCases.TC_PayRollProcess_001" name="PayRollProess" time="58.526"/>
  <system-out/>
</testsuite> <!-- com.vetan.mool.TestCases.TC_PayRollProcess_001 -->
