<?xml version="1.0" encoding="UTF-8"?>
<!-- Generated by org.testng.reporters.JUnitReportReporter -->
<testsuite hostname="Ramakantas-MacBook-Pro.local" failures="0" tests="1" name="com.vetan.mool.TestCases.LoginFlow" time="16.116" errors="0" timestamp="2022-09-16T11:55:46 IST" skipped="0">
  <testcase classname="com.vetan.mool.TestCases.LoginFlow" name="LoginTest" time="16.116"/>
  <system-out/>
</testsuite> <!-- com.vetan.mool.TestCases.LoginFlow -->
