<?xml version="1.0" encoding="UTF-8"?>
<!-- Generated by org.testng.reporters.JUnitReportReporter -->
<testsuite hostname="Ramakantas-MacBook-Pro.local" failures="0" tests="1" name="com.vetan.mool.TestCases.TC_OrganisationProflePage_001" time="70.156" errors="0" timestamp="2022-09-07T14:46:17 IST" skipped="0">
  <testcase classname="com.vetan.mool.TestCases.TC_OrganisationProflePage_001" name="OrgProfileTest" time="70.156"/>
  <system-out/>
</testsuite> <!-- com.vetan.mool.TestCases.TC_OrganisationProflePage_001 -->
