<?xml version="1.0" encoding="UTF-8"?>
<!-- Generated by org.testng.reporters.JUnitReportReporter -->
<testsuite hostname="Mools-MacBook-Pro.local" failures="0" tests="1" name="com.vetan.mool.TestCases.TC_SingleEmployeeCreate_001" time="89.218" errors="0" timestamp="2022-09-26T14:34:33 IST" skipped="0">
  <testcase classname="com.vetan.mool.TestCases.TC_SingleEmployeeCreate_001" name="SingleEmployeeCreateTest" time="89.218"/>
  <system-out/>
</testsuite> <!-- com.vetan.mool.TestCases.TC_SingleEmployeeCreate_001 -->
