<?xml version="1.0" encoding="UTF-8"?>
<!-- Generated by org.testng.reporters.JUnitReportReporter -->
<testsuite hostname="Mools-MacBook-Pro.local" failures="0" tests="1" name="com.vetan.mool.TestCases.TC_SignupFlow_001" time="34.595" errors="0" timestamp="2022-09-26T12:46:38 IST" skipped="0">
  <testcase classname="com.vetan.mool.TestCases.TC_SignupFlow_001" name="SignupTest" time="34.595"/>
  <system-out/>
</testsuite> <!-- com.vetan.mool.TestCases.TC_SignupFlow_001 -->
