<?xml version="1.0" encoding="UTF-8"?>
<!-- Generated by org.testng.reporters.JUnitReportReporter -->
<testsuite hostname="Ramakantas-MacBook-Pro.local" failures="0" tests="1" name="Testcases.LoginFlow" time="7.040" errors="0" timestamp="2022-09-02T17:56:45 IST" skipped="0">
  <testcase classname="Testcases.LoginFlow" name="LoginTest" time="7.040"/>
  <system-out/>
</testsuite> <!-- Testcases.LoginFlow -->
