<?xml version="1.0" encoding="UTF-8"?>
<!-- Generated by org.testng.reporters.JUnitReportReporter -->
<testsuite hostname="Ramakantas-MacBook-Pro.local" failures="0" tests="1" name="com.vetan.mool.TestCases.TC_MonthCloseArrear_001" time="114.090" errors="0" timestamp="2023-02-11T17:18:32 IST" skipped="0">
  <testcase classname="com.vetan.mool.TestCases.TC_MonthCloseArrear_001" name="MonthCloseArrear" time="114.090"/>
  <system-out/>
</testsuite> <!-- com.vetan.mool.TestCases.TC_MonthCloseArrear_001 -->
