<?xml version="1.0" encoding="UTF-8"?>
<!-- Generated by org.testng.reporters.JUnitReportReporter -->
<testsuite hostname="Ramakantas-MacBook-Pro.local" failures="0" tests="6" name="com.vetan.mool.TestCases.TC_MonthCloseGeneral_001" time="603.168" errors="0" timestamp="2023-03-23T17:19:01 IST" skipped="0">
  <testcase classname="com.vetan.mool.TestCases.TC_MonthCloseGeneral_001" name="Rewards" time="84.026"/>
  <system-out/>
  <testcase classname="com.vetan.mool.TestCases.TC_MonthCloseGeneral_001" name="Awards" time="194.807"/>
  <system-out/>
  <testcase classname="com.vetan.mool.TestCases.TC_MonthCloseGeneral_001" name="otherAllowances" time="81.654"/>
  <system-out/>
  <testcase classname="com.vetan.mool.TestCases.TC_MonthCloseGeneral_001" name="variableSalary" time="82.010"/>
  <system-out/>
  <testcase classname="com.vetan.mool.TestCases.TC_MonthCloseGeneral_001" name="LeaveEncashment" time="84.140"/>
  <system-out/>
  <testcase classname="com.vetan.mool.TestCases.TC_MonthCloseGeneral_001" name="Incentive" time="76.531"/>
  <system-out/>
</testsuite> <!-- com.vetan.mool.TestCases.TC_MonthCloseGeneral_001 -->
