<?xml version="1.0" encoding="UTF-8"?>
<!-- Generated by org.testng.reporters.JUnitReportReporter -->
<testsuite hostname="Ramakantas-MacBook-Pro.local" failures="0" tests="6" name="com.vetan.mool.TestCases.MonthClose.TC_MonthCloseGeneral_001" time="602.494" errors="0" timestamp="2023-03-23T17:42:34 IST" skipped="0">
  <testcase classname="com.vetan.mool.TestCases.MonthClose.TC_MonthCloseGeneral_001" name="Awards" time="194.799"/>
  <system-out/>
  <testcase classname="com.vetan.mool.TestCases.MonthClose.TC_MonthCloseGeneral_001" name="Incentive" time="76.063"/>
  <system-out/>
  <testcase classname="com.vetan.mool.TestCases.MonthClose.TC_MonthCloseGeneral_001" name="Rewards" time="84.179"/>
  <system-out/>
  <testcase classname="com.vetan.mool.TestCases.MonthClose.TC_MonthCloseGeneral_001" name="variableSalary" time="82.161"/>
  <system-out/>
  <testcase classname="com.vetan.mool.TestCases.MonthClose.TC_MonthCloseGeneral_001" name="LeaveEncashment" time="84.092"/>
  <system-out/>
  <testcase classname="com.vetan.mool.TestCases.MonthClose.TC_MonthCloseGeneral_001" name="otherAllowances" time="81.200"/>
  <system-out/>
</testsuite> <!-- com.vetan.mool.TestCases.MonthClose.TC_MonthCloseGeneral_001 -->
