<?xml version="1.0" encoding="UTF-8"?>
<!-- Generated by org.testng.reporters.JUnitReportReporter -->
<testsuite hostname="Ramakantas-MacBook-Pro.local" failures="0" tests="6" name="com.vetan.mool.TestCases.TC_MonthCloseGeneral_001" time="715.534" errors="0" timestamp="2023-02-11T17:18:32 IST" skipped="0">
  <testcase classname="com.vetan.mool.TestCases.TC_MonthCloseGeneral_001" name="Rewards" time="102.993"/>
  <system-out/>
  <testcase classname="com.vetan.mool.TestCases.TC_MonthCloseGeneral_001" name="variableSalary" time="101.368"/>
  <system-out/>
  <testcase classname="com.vetan.mool.TestCases.TC_MonthCloseGeneral_001" name="Incentive" time="97.000"/>
  <system-out/>
  <testcase classname="com.vetan.mool.TestCases.TC_MonthCloseGeneral_001" name="Awards" time="210.228"/>
  <system-out/>
  <testcase classname="com.vetan.mool.TestCases.TC_MonthCloseGeneral_001" name="LeaveEncashment" time="103.410"/>
  <system-out/>
  <testcase classname="com.vetan.mool.TestCases.TC_MonthCloseGeneral_001" name="otherAllowances" time="100.535"/>
  <system-out/>
</testsuite> <!-- com.vetan.mool.TestCases.TC_MonthCloseGeneral_001 -->
