<?xml version="1.0" encoding="UTF-8"?>
<!-- Generated by org.testng.reporters.JUnitReportReporter -->
<testsuite hostname="Ramakantas-MacBook-Pro.local" failures="0" tests="1" name="com.vetan.mool.TestCases.TC_MonthCloseGeneral_001" time="19.554" errors="0" timestamp="2023-02-06T16:01:53 IST" skipped="0">
  <testcase classname="com.vetan.mool.TestCases.TC_MonthCloseGeneral_001" name="Incentive" time="19.554"/>
  <system-out/>
</testsuite> <!-- com.vetan.mool.TestCases.TC_MonthCloseGeneral_001 -->
